
WindowsProductName WindowsVersion OsHardwareAbstractionLayer
------------------ -------------- --------------------------
Windows 10 Pro     2009           10.0.19041.906            



Name                                     MaxClockSpeed SocketDesignation Manufacturer
----                                     ------------- ----------------- ------------
Intel(R) Core(TM) i7-8700K CPU @ 3.70GHz          3701 LGA1151           GenuineIntel



Name                      CurrentHorizontalResolution CurrentVerticalResolution CurrentRefreshRate AdapterRamGB DriverDate           DriverVersion
----                      --------------------------- ------------------------- ------------------ ------------ ----------           -------------
NVIDIA GeForce GTX 980 Ti                        3840                      2160                 59            4 4/22/2021 8:00:00 PM 27.21.14.6627



Manufacturer PartNumber           Speed DeviceLocator  CapacityGB
------------ ----------           ----- -------------  ----------
G-Skill      F4-2400C15-16GIS      2133 ChannelA-DIMM2         16
G-Skill      F4-2400C15-16GIS      2133 ChannelB-DIMM2         16



DeviceID           Model                            SizeGB
--------           -----                            ------
\\.\PHYSICALDRIVE3 SanDisk Ultra USB 3.0 USB Device     14
\\.\PHYSICALDRIVE1 WDC WD6003FZBX-00K5WB0             5589
\\.\PHYSICALDRIVE2 ENMOTUS T00 FuzeDrive              6539
\\.\PHYSICALDRIVE0 Samsung SSD 970 PRO 1TB             954



DeviceID SizeGB
-------- ------
C:         6538
D:            0
E:            0
F:           14



SFC LOG

2021-04-30 03:16:00, Info                  CSI    0000021a [SR] Repairing 0 components
2021-04-30 03:16:00, Info                  CSI    0000021c [SR] Repair complete
2021-04-30 03:17:48, Info                  CSI    0000042f [SR] Repairing 0 components
2021-04-30 03:17:48, Info                  CSI    00000431 [SR] Repair complete
2021-04-30 03:51:31, Info                  CSI    00000218 [SR] Repairing 0 components
2021-04-30 03:51:31, Info                  CSI    0000021a [SR] Repair complete
2021-04-30 03:53:16, Info                  CSI    0000042e [SR] Repairing 0 components
2021-04-30 03:53:16, Info                  CSI    00000430 [SR] Repair complete
2021-04-30 04:01:41, Info                  CSI    00000651 [SR] Repairing 0 components
2021-04-30 04:01:41, Info                  CSI    00000653 [SR] Repair complete
2021-04-30 04:10:24, Info                  CSI    0000021b [SR] Repairing 0 components
2021-04-30 04:10:24, Info                  CSI    0000021d [SR] Repair complete
2021-04-30 04:12:09, Info                  CSI    00000434 [SR] Repairing 0 components
2021-04-30 04:12:09, Info                  CSI    00000436 [SR] Repair complete
2021-04-30 04:14:29, Info                  CSI    0000064c [SR] Repairing 0 components
2021-04-30 04:14:29, Info                  CSI    0000064e [SR] Repair complete
2021-04-30 05:26:55, Info                  CSI    0000021c [SR] Repairing 0 components
2021-04-30 05:26:55, Info                  CSI    0000021e [SR] Repair complete
2021-04-30 05:30:27, Info                  CSI    00000434 [SR] Repairing 0 components
2021-04-30 05:30:27, Info                  CSI    00000436 [SR] Repair complete
2021-04-30 05:47:26, Info                  CSI    0000021b [SR] Repairing 0 components
2021-04-30 05:47:26, Info                  CSI    0000021d [SR] Repair complete
2021-04-30 05:53:04, Info                  CSI    00000442 [SR] Repairing 0 components
2021-04-30 05:53:04, Info                  CSI    00000444 [SR] Repair complete
2021-04-30 06:01:59, Info                  CSI    0000021a [SR] Repairing 0 components
2021-04-30 06:01:59, Info                  CSI    0000021c [SR] Repair complete
2021-04-30 09:12:51, Info                  CSI    00000220 [SR] Repairing 0 components
2021-04-30 09:12:51, Info                  CSI    00000222 [SR] Repair complete
2021-04-30 09:19:24, Info                  CSI    0000021b [SR] Repairing 0 components
2021-04-30 09:19:24, Info                  CSI    0000021d [SR] Repair complete
2021-04-30 09:27:21, Info                  CSI    0000021c [SR] Repairing 0 components
2021-04-30 09:27:21, Info                  CSI    0000021e [SR] Repair complete
2021-04-30 09:30:40, Info                  CSI    0000043d [SR] Repairing 0 components
2021-04-30 09:30:40, Info                  CSI    0000043f [SR] Repair complete
2021-04-30 09:50:46, Info                  CSI    0000021b [SR] Repairing 0 components
2021-04-30 09:50:46, Info                  CSI    0000021d [SR] Repair complete



DISM LOG
2021-04-30 09:50:47, Info                  DISM   PID=19884 TID=14724 Scratch directory set to 'C:\Users\curtp\AppData\Local\Temp\'. - CDISMManager::put_ScratchDir
2021-04-30 09:50:47, Info                  DISM   PID=19884 TID=14724 DismCore.dll version: 10.0.19041.746 - CDISMManager::FinalConstruct
2021-04-30 09:50:47, Info                  DISM   Initialized Panther logging at C:\Users\curtp\Downloads\SST\SST-DISM.log
2021-04-30 09:50:47, Info                  DISM   PID=19884 TID=14724 Successfully loaded the ImageSession at "C:\Windows\System32\Dism" - CDISMManager::LoadLocalImageSession
2021-04-30 09:50:47, Info                  DISM   Initialized Panther logging at C:\Users\curtp\Downloads\SST\SST-DISM.log
2021-04-30 09:50:47, Info                  DISM   DISM Provider Store: PID=19884 TID=14724 Found and Initialized the DISM Logger. - CDISMProviderStore::Internal_InitializeLogger
2021-04-30 09:50:47, Info                  DISM   DISM Provider Store: PID=19884 TID=14724 Failed to get and initialize the PE Provider.  Continuing by assuming that it is not a WinPE image. - CDISMProviderStore::Final_OnConnect
2021-04-30 09:50:47, Info                  DISM   DISM Provider Store: PID=19884 TID=14724 Finished initializing the Provider Map. - CDISMProviderStore::Final_OnConnect
2021-04-30 09:50:47, Info                  DISM   Initialized Panther logging at C:\Users\curtp\Downloads\SST\SST-DISM.log
2021-04-30 09:50:47, Info                  DISM   DISM Manager: PID=19884 TID=14724 Successfully created the local image session and provider store. - CDISMManager::CreateLocalImageSession
2021-04-30 09:50:47, Info                  DISM   DISM.EXE: 
2021-04-30 09:50:47, Info                  DISM   DISM.EXE: <----- Starting Dism.exe session ----->
2021-04-30 09:50:47, Info                  DISM   DISM.EXE: 
2021-04-30 09:50:47, Info                  DISM   DISM.EXE: Host machine information: OS Version=10.0.19042, Running architecture=amd64, Number of processors=12
2021-04-30 09:50:47, Info                  DISM   DISM.EXE: Dism.exe version: 10.0.19041.844
2021-04-30 09:50:47, Info                  DISM   DISM.EXE: Executing command line: "C:\Windows\System32\Dism.exe" /Online /Cleanup-Image /RestoreHealth /LogPath:C:\Users\curtp\Downloads\SST\SST-DISM.log
2021-04-30 09:50:47, Info                  DISM   DISM Provider Store: PID=19884 TID=14724 Connecting to the provider located at C:\Windows\System32\Dism\FolderProvider.dll. - CDISMProviderStore::Internal_LoadProvider
2021-04-30 09:50:47, Info                  DISM   DISM Manager: PID=19884 TID=14724 physical location path: C:\ - CDISMManager::CreateImageSession
2021-04-30 09:50:47, Info                  DISM   DISM Manager: PID=19884 TID=14724 Event name for current DISM session is Global\{1D1265B8-C847-4894-A8A7-2A3BE83145A9} - CDISMManager::CheckSessionAndLock
2021-04-30 09:50:47, Info                  DISM   DISM Manager: PID=19884 TID=14724 Create session event 0x214 for current DISM session and event name is Global\{1D1265B8-C847-4894-A8A7-2A3BE83145A9}  - CDISMManager::CheckSessionAndLock
2021-04-30 09:50:47, Info                  DISM   DISM Manager: PID=19884 TID=14724 Copying DISM from "C:\Windows\System32\Dism" - CDISMManager::CreateImageSessionFromLocation
2021-04-30 09:50:47, Info                  DISM   DISM Manager: PID=19884 TID=14724 Successfully loaded the ImageSession at "C:\Users\curtp\AppData\Local\Temp\FBE7316C-899C-4D25-B8CF-DC7C0A5B6F8B" - CDISMManager::LoadRemoteImageSession
2021-04-30 09:50:47, Info                  DISM   DISM Image Session: PID=11100 TID=24868 Instantiating the Provider Store. - CDISMImageSession::get_ProviderStore
2021-04-30 09:50:47, Info                  DISM   DISM Provider Store: PID=11100 TID=24868 Initializing a provider store for the IMAGE session type. - CDISMProviderStore::Final_OnConnect
2021-04-30 09:50:47, Info                  DISM   DISM Provider Store: PID=11100 TID=24868 Connecting to the provider located at C:\Users\curtp\AppData\Local\Temp\FBE7316C-899C-4D25-B8CF-DC7C0A5B6F8B\OSProvider.dll. - CDISMProviderStore::Internal_LoadProvider
2021-04-30 09:50:47, Info                  DISM   DISM OS Provider: PID=11100 TID=24868 Defaulting SystemPath to C:\ - CDISMOSServiceManager::Final_OnConnect
2021-04-30 09:50:47, Info                  DISM   DISM OS Provider: PID=11100 TID=24868 Defaulting Windows folder to C:\Windows - CDISMOSServiceManager::Final_OnConnect
2021-04-30 09:50:47, Info                  DISM   DISM Provider Store: PID=11100 TID=24868 Attempting to initialize the logger from the Image Session. - CDISMProviderStore::Final_OnConnect
2021-04-30 09:50:47, Info                  DISM   DISM Provider Store: PID=11100 TID=24868 Connecting to the provider located at C:\Users\curtp\AppData\Local\Temp\FBE7316C-899C-4D25-B8CF-DC7C0A5B6F8B\LogProvider.dll. - CDISMProviderStore::Internal_LoadProvider
2021-04-30 09:50:47, Info                  DISM   Initialized Panther logging at C:\Users\curtp\Downloads\SST\SST-DISM.log
2021-04-30 09:50:47, Info                  DISM   DISM Provider Store: PID=11100 TID=24868 Found and Initialized the DISM Logger. - CDISMProviderStore::Internal_InitializeLogger
2021-04-30 09:50:47, Warning               DISM   DISM Provider Store: PID=11100 TID=24868 Failed to load the provider: C:\Users\curtp\AppData\Local\Temp\FBE7316C-899C-4D25-B8CF-DC7C0A5B6F8B\PEProvider.dll. - CDISMProviderStore::Internal_GetProvider(hr:0x8007007e)
2021-04-30 09:50:47, Info                  DISM   DISM Provider Store: PID=11100 TID=24868 Failed to get and initialize the PE Provider.  Continuing by assuming that it is not a WinPE image. - CDISMProviderStore::Final_OnConnect
2021-04-30 09:50:47, Info                  DISM   DISM Provider Store: PID=11100 TID=24868 Finished initializing the Provider Map. - CDISMProviderStore::Final_OnConnect
2021-04-30 09:50:47, Info                  DISM   Initialized Panther logging at C:\Users\curtp\Downloads\SST\SST-DISM.log
2021-04-30 09:50:47, Info                  DISM   Initialized Panther logging at C:\Users\curtp\Downloads\SST\SST-DISM.log
2021-04-30 09:50:47, Info                  DISM   DISM Manager: PID=19884 TID=14724 Image session successfully loaded from the temporary location: C:\Users\curtp\AppData\Local\Temp\FBE7316C-899C-4D25-B8CF-DC7C0A5B6F8B - CDISMManager::CreateImageSession
2021-04-30 09:50:47, Info                  DISM   DISM.EXE: Target image information: OS Version=10.0.19042.928, Image architecture=amd64
2021-04-30 09:50:47, Info                  DISM   DISM.EXE: Image session version: 10.0.19041.746
2021-04-30 09:50:47, Info                  DISM   DISM Provider Store: PID=11100 TID=24868 Getting the collection of providers from an image provider store type. - CDISMProviderStore::GetProviderCollection
2021-04-30 09:50:47, Info                  DISM   DISM Provider Store: PID=11100 TID=24868 Connecting to the provider located at C:\Users\curtp\AppData\Local\Temp\FBE7316C-899C-4D25-B8CF-DC7C0A5B6F8B\CbsProvider.dll. - CDISMProviderStore::Internal_LoadProvider
2021-04-30 09:50:47, Info                  DISM   DISM Provider Store: PID=11100 TID=24868 Encountered a servicing provider, performing additional servicing initializations. - CDISMProviderStore::Internal_LoadProvider
2021-04-30 09:50:47, Info                  CSI    00000001 Shim considered [l:125]'\??\C:\Windows\Servicing\amd64_microsoft-windows-servicingstack_31bf3856ad364e35_10.0.19041.925_none_e76d4f6f260a683e\wcp.dll' : got STATUS_OBJECT_PATH_NOT_FOUND
2021-04-30 09:50:47, Info                  CSI    00000002 Shim considered [l:122]'\??\C:\Windows\WinSxS\amd64_microsoft-windows-servicingstack_31bf3856ad364e35_10.0.19041.925_none_e76d4f6f260a683e\wcp.dll' : got STATUS_SUCCESS
2021-04-30 09:50:47, Info                  DISM   DISM OS Provider: PID=11100 TID=24868 Determined System directory to be C:\Windows\System32 - CDISMOSServiceManager::get_SystemDirectory
2021-04-30 09:50:47, Info                  DISM   DISM Package Manager: PID=11100 TID=24868 Finished initializing the CbsConUI Handler. - CCbsConUIHandler::Initialize
2021-04-30 09:50:47, Info                  CSI    00000001 Shim considered [l:125]'\??\C:\Windows\Servicing\amd64_microsoft-windows-servicingstack_31bf3856ad364e35_10.0.19041.925_none_e76d4f6f260a683e\wcp.dll' : got STATUS_OBJECT_PATH_NOT_FOUND
2021-04-30 09:50:47, Info                  CSI    00000002 Shim considered [l:122]'\??\C:\Windows\WinSxS\amd64_microsoft-windows-servicingstack_31bf3856ad364e35_10.0.19041.925_none_e76d4f6f260a683e\wcp.dll' : got STATUS_SUCCESS
2021-04-30 09:50:47, Info                  DISM   DISM Package Manager: PID=11100 TID=24868 CBS is being initialized for online use. More information about CBS actions can be located at: %windir%\logs\cbs\cbs.log - CDISMPackageManager::Initialize
2021-04-30 09:50:47, Info                  DISM   DISM Package Manager: PID=11100 TID=24868 Loaded servicing stack for online use only. - CDISMPackageManager::CreateCbsSession
2021-04-30 09:50:47, Info                  DISM   DISM Provider Store: PID=11100 TID=24868 Connecting to the provider located at C:\Users\curtp\AppData\Local\Temp\FBE7316C-899C-4D25-B8CF-DC7C0A5B6F8B\MsiProvider.dll. - CDISMProviderStore::Internal_LoadProvider
2021-04-30 09:50:47, Info                  DISM   DISM Provider Store: PID=11100 TID=24868 Encountered a servicing provider, performing additional servicing initializations. - CDISMProviderStore::Internal_LoadProvider
2021-04-30 09:50:47, Info                  DISM   DISM Provider Store: PID=11100 TID=24868 Connecting to the provider located at C:\Users\curtp\AppData\Local\Temp\FBE7316C-899C-4D25-B8CF-DC7C0A5B6F8B\IntlProvider.dll. - CDISMProviderStore::Internal_LoadProvider
2021-04-30 09:50:47, Info                  DISM   DISM Provider Store: PID=11100 TID=24868 Encountered a servicing provider, performing additional servicing initializations. - CDISMProviderStore::Internal_LoadProvider
2021-04-30 09:50:47, Info                  DISM   DISM Provider Store: PID=11100 TID=24868 Connecting to the provider located at C:\Users\curtp\AppData\Local\Temp\FBE7316C-899C-4D25-B8CF-DC7C0A5B6F8B\IBSProvider.dll. - CDISMProviderStore::Internal_LoadProvider
2021-04-30 09:50:47, Info                  DISM   DISM Provider Store: PID=11100 TID=24868 Encountered a servicing provider, performing additional servicing initializations. - CDISMProviderStore::Internal_LoadProvider
2021-04-30 09:50:47, Info                  DISM   DISM Provider Store: PID=11100 TID=24868 Connecting to the provider located at C:\Users\curtp\AppData\Local\Temp\FBE7316C-899C-4D25-B8CF-DC7C0A5B6F8B\DmiProvider.dll. - CDISMProviderStore::Internal_LoadProvider
2021-04-30 09:50:47, Info                  DISM   DISM Provider Store: PID=11100 TID=24868 Encountered a servicing provider, performing additional servicing initializations. - CDISMProviderStore::Internal_LoadProvider
2021-04-30 09:50:47, Info                  CSI    00000001 Shim considered [l:125]'\??\C:\Windows\Servicing\amd64_microsoft-windows-servicingstack_31bf3856ad364e35_10.0.19041.925_none_e76d4f6f260a683e\wcp.dll' : got STATUS_OBJECT_PATH_NOT_FOUND
2021-04-30 09:50:47, Info                  CSI    00000002 Shim considered [l:122]'\??\C:\Windows\WinSxS\amd64_microsoft-windows-servicingstack_31bf3856ad364e35_10.0.19041.925_none_e76d4f6f260a683e\wcp.dll' : got STATUS_SUCCESS
2021-04-30 09:50:47, Info                  DISM   DISM Driver Manager: PID=11100 TID=24868 Further logs for driver related operations can be found in the target operating system at %WINDIR%\inf\setupapi.offline.log - CDriverManager::Initialize
2021-04-30 09:50:47, Info                  DISM   DISM Provider Store: PID=11100 TID=24868 Connecting to the provider located at C:\Users\curtp\AppData\Local\Temp\FBE7316C-899C-4D25-B8CF-DC7C0A5B6F8B\UnattendProvider.dll. - CDISMProviderStore::Internal_LoadProvider
2021-04-30 09:50:47, Info                  DISM   DISM Provider Store: PID=11100 TID=24868 Encountered a servicing provider, performing additional servicing initializations. - CDISMProviderStore::Internal_LoadProvider
2021-04-30 09:50:47, Info                  DISM   DISM Provider Store: PID=11100 TID=24868 Connecting to the provider located at C:\Users\curtp\AppData\Local\Temp\FBE7316C-899C-4D25-B8CF-DC7C0A5B6F8B\SmiProvider.dll. - CDISMProviderStore::Internal_LoadProvider
2021-04-30 09:50:47, Info                  DISM   DISM Provider Store: PID=11100 TID=24868 Encountered a servicing provider, performing additional servicing initializations. - CDISMProviderStore::Internal_LoadProvider
2021-04-30 09:50:47, Warning               DISM   DISM Provider Store: PID=11100 TID=24868 Failed to load the provider: C:\Users\curtp\AppData\Local\Temp\FBE7316C-899C-4D25-B8CF-DC7C0A5B6F8B\EmbeddedProvider.dll. - CDISMProviderStore::Internal_GetProvider(hr:0x8007007e)
2021-04-30 09:50:47, Info                  DISM   DISM Provider Store: PID=11100 TID=24868 Connecting to the provider located at C:\Users\curtp\AppData\Local\Temp\FBE7316C-899C-4D25-B8CF-DC7C0A5B6F8B\AppxProvider.dll. - CDISMProviderStore::Internal_LoadProvider
2021-04-30 09:50:47, Info                  DISM   DISM Provider Store: PID=11100 TID=24868 Encountered a servicing provider, performing additional servicing initializations. - CDISMProviderStore::Internal_LoadProvider
2021-04-30 09:50:47, Info                  DISM   DISM Provider Store: PID=11100 TID=24868 Connecting to the provider located at C:\Users\curtp\AppData\Local\Temp\FBE7316C-899C-4D25-B8CF-DC7C0A5B6F8B\ProvProvider.dll. - CDISMProviderStore::Internal_LoadProvider
2021-04-30 09:50:47, Info                  DISM   DISM Provider Store: PID=11100 TID=24868 Encountered a servicing provider, performing additional servicing initializations. - CDISMProviderStore::Internal_LoadProvider
2021-04-30 09:50:47, Info                  DISM   DISM Provider Store: PID=11100 TID=24868 Connecting to the provider located at C:\Users\curtp\AppData\Local\Temp\FBE7316C-899C-4D25-B8CF-DC7C0A5B6F8B\AssocProvider.dll. - CDISMProviderStore::Internal_LoadProvider
2021-04-30 09:50:47, Info                  DISM   DISM Provider Store: PID=11100 TID=24868 Encountered a servicing provider, performing additional servicing initializations. - CDISMProviderStore::Internal_LoadProvider
2021-04-30 09:50:47, Info                  DISM   DISM Provider Store: PID=11100 TID=24868 Connecting to the provider located at C:\Users\curtp\AppData\Local\Temp\FBE7316C-899C-4D25-B8CF-DC7C0A5B6F8B\GenericProvider.dll. - CDISMProviderStore::Internal_LoadProvider
2021-04-30 09:50:47, Info                  DISM   DISM Provider Store: PID=11100 TID=24868 Encountered a servicing provider, performing additional servicing initializations. - CDISMProviderStore::Internal_LoadProvider
2021-04-30 09:50:47, Info                  DISM   DISM Provider Store: PID=11100 TID=24868 Connecting to the provider located at C:\Users\curtp\AppData\Local\Temp\FBE7316C-899C-4D25-B8CF-DC7C0A5B6F8B\OfflineSetupProvider.dll. - CDISMProviderStore::Internal_LoadProvider
2021-04-30 09:50:47, Info                  DISM   DISM Provider Store: PID=11100 TID=24868 Encountered a servicing provider, performing additional servicing initializations. - CDISMProviderStore::Internal_LoadProvider
2021-04-30 09:50:47, Info                  DISM   DISM Provider Store: PID=11100 TID=24868 Connecting to the provider located at C:\Users\curtp\AppData\Local\Temp\FBE7316C-899C-4D25-B8CF-DC7C0A5B6F8B\SysprepProvider.dll. - CDISMProviderStore::Internal_LoadProvider
2021-04-30 09:50:47, Info                  DISM   DISM Provider Store: PID=11100 TID=24868 Encountered a servicing provider, performing additional servicing initializations. - CDISMProviderStore::Internal_LoadProvider
2021-04-30 09:50:47, Info                  DISM   DISM Provider Store: PID=11100 TID=24868 Connecting to the provider located at C:\Users\curtp\AppData\Local\Temp\FBE7316C-899C-4D25-B8CF-DC7C0A5B6F8B\TransmogProvider.dll. - CDISMProviderStore::Internal_LoadProvider
2021-04-30 09:50:47, Info                  DISM   DISM Provider Store: PID=11100 TID=24868 Encountered a servicing provider, performing additional servicing initializations. - CDISMProviderStore::Internal_LoadProvider
2021-04-30 09:50:47, Info                  DISM   DISM Transmog Provider: PID=11100 TID=24868 Current image session is [ONLINE] - CTransmogManager::GetMode
2021-04-30 09:50:47, Info                  DISM   DISM Transmog Provider: PID=11100 TID=24868 Audit Mode: [No] - CTransmogManager::Initialize
2021-04-30 09:50:47, Info                  DISM   DISM Transmog Provider: PID=11100 TID=24868 GetProductType: ProductType = [WinNT] - CTransmogManager::GetProductType
2021-04-30 09:50:47, Info                  DISM   DISM Transmog Provider: PID=11100 TID=24868 Product Type: [WinNT] - CTransmogManager::Initialize
2021-04-30 09:50:47, Info                  DISM   DISM Transmog Provider: PID=11100 TID=24868 Product Type ServerNT : [No] - CTransmogManager::Initialize
2021-04-30 09:50:47, Info                  DISM   DISM Provider Store: PID=11100 TID=24868 Connecting to the provider located at C:\Users\curtp\AppData\Local\Temp\FBE7316C-899C-4D25-B8CF-DC7C0A5B6F8B\SetupPlatformProvider.dll. - CDISMProviderStore::Internal_LoadProvider
2021-04-30 09:50:47, Info                  DISM   DISM Provider Store: PID=11100 TID=24868 Encountered a servicing provider, performing additional servicing initializations. - CDISMProviderStore::Internal_LoadProvider
2021-04-30 09:50:47, Info                  DISM   DISM.EXE: Got the collection of providers. Now enumerating them to build the command table.
2021-04-30 09:50:47, Info                  DISM   DISM.EXE: Attempting to add the commands from provider: DISM Log Provider
2021-04-30 09:50:47, Info                  DISM   DISM.EXE: Attempting to add the commands from provider: OSServices
2021-04-30 09:50:47, Info                  DISM   DISM.EXE: Attempting to add the commands from provider: DISM Package Manager
2021-04-30 09:50:47, Info                  DISM   DISM.EXE: Succesfully registered commands for the provider: DISM Package Manager.
2021-04-30 09:50:47, Info                  DISM   DISM.EXE: Attempting to add the commands from provider: MsiManager
2021-04-30 09:50:47, Info                  DISM   DISM.EXE: Succesfully registered commands for the provider: MsiManager.
2021-04-30 09:50:47, Info                  DISM   DISM.EXE: Attempting to add the commands from provider: IntlManager
2021-04-30 09:50:47, Info                  DISM   DISM.EXE: Succesfully registered commands for the provider: IntlManager.
2021-04-30 09:50:47, Info                  DISM   DISM.EXE: Attempting to add the commands from provider: IBSManager
2021-04-30 09:50:47, Info                  DISM   DISM.EXE: Attempting to add the commands from provider: DriverManager
2021-04-30 09:50:47, Info                  DISM   DISM.EXE: Succesfully registered commands for the provider: DriverManager.
2021-04-30 09:50:47, Info                  DISM   DISM.EXE: Attempting to add the commands from provider: DISM Unattend Manager
2021-04-30 09:50:47, Info                  DISM   DISM.EXE: Succesfully registered commands for the provider: DISM Unattend Manager.
2021-04-30 09:50:47, Info                  DISM   DISM.EXE: Attempting to add the commands from provider: SmiManager
2021-04-30 09:50:47, Info                  DISM   DISM.EXE: Attempting to add the commands from provider: AppxManager
2021-04-30 09:50:47, Info                  DISM   DISM.EXE: Succesfully registered commands for the provider: AppxManager.
2021-04-30 09:50:47, Info                  DISM   DISM.EXE: Attempting to add the commands from provider: ProvManager
2021-04-30 09:50:47, Info                  DISM   DISM.EXE: Succesfully registered commands for the provider: ProvManager.
2021-04-30 09:50:47, Info                  DISM   DISM.EXE: Attempting to add the commands from provider: AssocManager
2021-04-30 09:50:47, Info                  DISM   DISM.EXE: Succesfully registered commands for the provider: AssocManager.
2021-04-30 09:50:47, Info                  DISM   DISM.EXE: Attempting to add the commands from provider: GenericManager
2021-04-30 09:50:47, Info                  DISM   DISM.EXE: Succesfully registered commands for the provider: GenericManager.
2021-04-30 09:50:47, Info                  DISM   DISM.EXE: Attempting to add the commands from provider: OfflineSetupManager
2021-04-30 09:50:47, Info                  DISM   DISM.EXE: Succesfully registered commands for the provider: OfflineSetupManager.
2021-04-30 09:50:47, Info                  DISM   DISM.EXE: Attempting to add the commands from provider: SysprepManager
2021-04-30 09:50:47, Info                  DISM   DISM.EXE: Succesfully registered commands for the provider: SysprepManager.
2021-04-30 09:50:47, Info                  DISM   DISM.EXE: Attempting to add the commands from provider: Edition Manager
2021-04-30 09:50:47, Info                  DISM   DISM.EXE: Succesfully registered commands for the provider: Edition Manager.
2021-04-30 09:50:47, Info                  DISM   DISM.EXE: Attempting to add the commands from provider: SetupPlatformManager
2021-04-30 09:50:47, Info                  DISM   DISM.EXE: Succesfully registered commands for the provider: SetupPlatformManager.
2021-04-30 09:50:47, Info                  DISM   DISM Package Manager: PID=11100 TID=24868 Processing the top level command token(cleanup-image). - CPackageManagerCLIHandler::Private_ValidateCmdLine
2021-04-30 09:50:47, Info                  DISM   DISM Package Manager: PID=11100 TID=24868 Attempting to route to appropriate command handler. - CPackageManagerCLIHandler::ExecuteCmdLine
2021-04-30 09:50:47, Info                  DISM   DISM Package Manager: PID=11100 TID=24868 Routing the command... - CPackageManagerCLIHandler::ExecuteCmdLine
2021-04-30 09:50:47, Info                  DISM   DISM Package Manager: PID=11100 TID=24868 CBS session options=0x40100! - CDISMPackageManager::Internal_Finalize
2021-04-30 09:51:58, Info                  CSI    00000001 Shim considered [l:125]'\??\C:\Windows\Servicing\amd64_microsoft-windows-servicingstack_31bf3856ad364e35_10.0.19041.925_none_e76d4f6f260a683e\wcp.dll' : got STATUS_OBJECT_PATH_NOT_FOUND
2021-04-30 09:51:58, Info                  CSI    00000002 Shim considered [l:122]'\??\C:\Windows\WinSxS\amd64_microsoft-windows-servicingstack_31bf3856ad364e35_10.0.19041.925_none_e76d4f6f260a683e\wcp.dll' : got STATUS_SUCCESS
2021-04-30 09:51:58, Info                  DISM   DISM Package Manager: PID=11100 TID=24868 Loaded servicing stack for online use only. - CDISMPackageManager::CreateCbsSession
2021-04-30 09:51:58, Info                  DISM   DISM Provider Store: PID=11100 TID=24868 Found the OSServices.  Waiting to finalize it until all other providers are unloaded. - CDISMProviderStore::Final_OnDisconnect
2021-04-30 09:51:58, Info                  DISM   DISM Provider Store: PID=11100 TID=24868 Found the OSServices.  Waiting to finalize it until all other providers are unloaded. - CDISMProviderStore::Final_OnDisconnect
2021-04-30 09:51:58, Info                  DISM   DISM Provider Store: PID=11100 TID=24868 Found the PE Provider.  Waiting to finalize it until all other providers are unloaded. - CDISMProviderStore::Final_OnDisconnect
2021-04-30 09:51:58, Info                  DISM   DISM Provider Store: PID=11100 TID=24868 Finalizing the servicing provider(DISM Package Manager) - CDISMProviderStore::Internal_DisconnectProvider
2021-04-30 09:51:58, Info                  DISM   DISM Package Manager: PID=11100 TID=24868 Finalizing CBS core. - CDISMPackageManager::Finalize
2021-04-30 09:51:58, Info                  DISM   DISM Provider Store: PID=11100 TID=24868 Disconnecting Provider: DISM Package Manager - CDISMProviderStore::Internal_DisconnectProvider
2021-04-30 09:51:58, Info                  DISM   DISM Provider Store: PID=11100 TID=24868 Finalizing the servicing provider(MsiManager) - CDISMProviderStore::Internal_DisconnectProvider
2021-04-30 09:51:58, Info                  DISM   DISM Provider Store: PID=11100 TID=24868 Disconnecting Provider: MsiManager - CDISMProviderStore::Internal_DisconnectProvider
2021-04-30 09:51:58, Info                  DISM   DISM Provider Store: PID=11100 TID=24868 Finalizing the servicing provider(IntlManager) - CDISMProviderStore::Internal_DisconnectProvider
2021-04-30 09:51:58, Info                  DISM   DISM Provider Store: PID=11100 TID=24868 Disconnecting Provider: IntlManager - CDISMProviderStore::Internal_DisconnectProvider
2021-04-30 09:51:58, Info                  DISM   DISM Provider Store: PID=11100 TID=24868 Finalizing the servicing provider(IBSManager) - CDISMProviderStore::Internal_DisconnectProvider
2021-04-30 09:51:58, Info                  DISM   DISM Provider Store: PID=11100 TID=24868 Disconnecting Provider: IBSManager - CDISMProviderStore::Internal_DisconnectProvider
2021-04-30 09:51:58, Info                  DISM   DISM Provider Store: PID=11100 TID=24868 Finalizing the servicing provider(DriverManager) - CDISMProviderStore::Internal_DisconnectProvider
2021-04-30 09:51:58, Info                  DISM   DISM Provider Store: PID=11100 TID=24868 Disconnecting Provider: DriverManager - CDISMProviderStore::Internal_DisconnectProvider
2021-04-30 09:51:58, Info                  DISM   DISM Provider Store: PID=11100 TID=24868 Finalizing the servicing provider(DISM Unattend Manager) - CDISMProviderStore::Internal_DisconnectProvider
2021-04-30 09:51:58, Info                  DISM   DISM Provider Store: PID=11100 TID=24868 Disconnecting Provider: DISM Unattend Manager - CDISMProviderStore::Internal_DisconnectProvider
2021-04-30 09:51:58, Info                  DISM   DISM Provider Store: PID=11100 TID=24868 Finalizing the servicing provider(SmiManager) - CDISMProviderStore::Internal_DisconnectProvider
2021-04-30 09:51:58, Info                  DISM   DISM Provider Store: PID=11100 TID=24868 Disconnecting Provider: SmiManager - CDISMProviderStore::Internal_DisconnectProvider
2021-04-30 09:51:58, Info                  DISM   DISM Provider Store: PID=11100 TID=24868 Finalizing the servicing provider(AppxManager) - CDISMProviderStore::Internal_DisconnectProvider
2021-04-30 09:51:58, Info                  DISM   DISM Provider Store: PID=11100 TID=24868 Disconnecting Provider: AppxManager - CDISMProviderStore::Internal_DisconnectProvider
2021-04-30 09:51:58, Info                  DISM   DISM Provider Store: PID=11100 TID=24868 Finalizing the servicing provider(ProvManager) - CDISMProviderStore::Internal_DisconnectProvider
2021-04-30 09:51:58, Info                  DISM   DISM Provider Store: PID=11100 TID=24868 Disconnecting Provider: ProvManager - CDISMProviderStore::Internal_DisconnectProvider
2021-04-30 09:51:58, Info                  DISM   DISM Provider Store: PID=11100 TID=24868 Finalizing the servicing provider(AssocManager) - CDISMProviderStore::Internal_DisconnectProvider
2021-04-30 09:51:58, Info                  DISM   DISM Provider Store: PID=11100 TID=24868 Disconnecting Provider: AssocManager - CDISMProviderStore::Internal_DisconnectProvider
2021-04-30 09:51:58, Info                  DISM   DISM Provider Store: PID=11100 TID=24868 Finalizing the servicing provider(GenericManager) - CDISMProviderStore::Internal_DisconnectProvider
2021-04-30 09:51:58, Info                  DISM   DISM Provider Store: PID=11100 TID=24868 Disconnecting Provider: GenericManager - CDISMProviderStore::Internal_DisconnectProvider
2021-04-30 09:51:58, Info                  DISM   DISM Provider Store: PID=11100 TID=24868 Finalizing the servicing provider(OfflineSetupManager) - CDISMProviderStore::Internal_DisconnectProvider
2021-04-30 09:51:58, Info                  DISM   DISM Provider Store: PID=11100 TID=24868 Disconnecting Provider: OfflineSetupManager - CDISMProviderStore::Internal_DisconnectProvider
2021-04-30 09:51:58, Info                  DISM   DISM Provider Store: PID=11100 TID=24868 Finalizing the servicing provider(SysprepManager) - CDISMProviderStore::Internal_DisconnectProvider
2021-04-30 09:51:58, Info                  DISM   DISM Provider Store: PID=11100 TID=24868 Disconnecting Provider: SysprepManager - CDISMProviderStore::Internal_DisconnectProvider
2021-04-30 09:51:58, Info                  DISM   DISM Provider Store: PID=11100 TID=24868 Finalizing the servicing provider(Edition Manager) - CDISMProviderStore::Internal_DisconnectProvider
2021-04-30 09:51:58, Info                  DISM   DISM Provider Store: PID=11100 TID=24868 Disconnecting Provider: Edition Manager - CDISMProviderStore::Internal_DisconnectProvider
2021-04-30 09:51:58, Info                  DISM   DISM Provider Store: PID=11100 TID=24868 Finalizing the servicing provider(SetupPlatformManager) - CDISMProviderStore::Internal_DisconnectProvider
2021-04-30 09:51:58, Info                  DISM   DISM Provider Store: PID=11100 TID=24868 Disconnecting Provider: SetupPlatformManager - CDISMProviderStore::Internal_DisconnectProvider
2021-04-30 09:51:58, Info                  DISM   DISM Provider Store: PID=11100 TID=24868 Releasing the local reference to OSServices. - CDISMProviderStore::Internal_DisconnectProvider
2021-04-30 09:51:58, Info                  DISM   DISM Provider Store: PID=11100 TID=24868 Disconnecting Provider: OSServices - CDISMProviderStore::Internal_DisconnectProvider
2021-04-30 09:51:58, Info                  DISM   DISM Provider Store: PID=11100 TID=24868 Releasing the local reference to DISMLogger.  Stop logging. - CDISMProviderStore::Internal_DisconnectProvider
2021-04-30 09:51:58, Info                  DISM   DISM Manager: PID=19884 TID=14724 Closing session event handle 0x214 - CDISMManager::CleanupImageSessionEntry
2021-04-30 09:51:59, Info                  DISM   DISM.EXE: Image session has been closed. Reboot required=no.
2021-04-30 09:51:59, Info                  DISM   DISM.EXE: 
2021-04-30 09:51:59, Info                  DISM   DISM.EXE: <----- Ending Dism.exe session ----->
2021-04-30 09:51:59, Info                  DISM   DISM.EXE: 
2021-04-30 09:51:59, Info                  DISM   DISM Provider Store: PID=19884 TID=14724 Found the OSServices.  Waiting to finalize it until all other providers are unloaded. - CDISMProviderStore::Final_OnDisconnect
2021-04-30 09:51:59, Info                  DISM   DISM Provider Store: PID=19884 TID=14724 Disconnecting Provider: FolderManager - CDISMProviderStore::Internal_DisconnectProvider
2021-04-30 09:51:59, Info                  DISM   DISM Provider Store: PID=19884 TID=14724 Releasing the local reference to DISMLogger.  Stop logging. - CDISMProviderStore::Internal_DisconnectProvider
